
*** Running vivado
    with args -log design_1_proc_sys_reset_1_1.vds -m64 -product Vivado -mode batch -messageDb vivado.pb -notrace -source design_1_proc_sys_reset_1_1.tcl



****** Vivado v2024.2 (64-bit)
  **** SW Build 5239630 on Fri Nov 08 22:35:27 MST 2024
  **** IP Build 5239520 on Sun Nov 10 16:12:51 MST 2024
  **** SharedData Build 5239561 on Fri Nov 08 14:39:27 MST 2024
  **** Start of session at: Wed Sep  3 20:47:05 2025
    ** Copyright 1986-2022 Xilinx, Inc. All Rights Reserved.
    ** Copyright 2022-2024 Advanced Micro Devices, Inc. All Rights Reserved.

source design_1_proc_sys_reset_1_1.tcl -notrace
INFO: [IP_Flow 19-234] Refreshing IP repositories
INFO: [IP_Flow 19-1700] Loaded user IP repository 'c:/Users/jkfis/OneDrive/Desktop/fpga/ip'.
INFO: [IP_Flow 19-2313] Loaded Vivado IP repository 'C:/Xilinx/Vivado/2024.2/data/ip'.
INFO: [IP_Flow 19-6924] IPCACHE: Running cache check for IP inst: design_1_proc_sys_reset_1_1
INFO: [IP_Flow 19-6922] IPCACHE: Exporting cached entry a07d72bad356a2fc to dir: C:/Xilinx/p/fm3/fm3.runs/design_1_proc_sys_reset_1_1_synth_1
INFO: [IP_Flow 19-6928] IPCACHE: copied cached file c:/Xilinx/p/fm3/fm3.cache/ip/2024.2/a/0/a07d72bad356a2fc/design_1_proc_sys_reset_0_0.dcp to C:/Xilinx/p/fm3/fm3.runs/design_1_proc_sys_reset_1_1_synth_1/design_1_proc_sys_reset_1_1.dcp.
INFO: [IP_Flow 19-6928] IPCACHE: copied cached file c:/Xilinx/p/fm3/fm3.cache/ip/2024.2/a/0/a07d72bad356a2fc/design_1_proc_sys_reset_0_0_sim_netlist.v to C:/Xilinx/p/fm3/fm3.runs/design_1_proc_sys_reset_1_1_synth_1/design_1_proc_sys_reset_1_1_sim_netlist.v.
INFO: [IP_Flow 19-6928] IPCACHE: copied cached file c:/Xilinx/p/fm3/fm3.cache/ip/2024.2/a/0/a07d72bad356a2fc/design_1_proc_sys_reset_0_0_sim_netlist.vhdl to C:/Xilinx/p/fm3/fm3.runs/design_1_proc_sys_reset_1_1_synth_1/design_1_proc_sys_reset_1_1_sim_netlist.vhdl.
INFO: [IP_Flow 19-6928] IPCACHE: copied cached file c:/Xilinx/p/fm3/fm3.cache/ip/2024.2/a/0/a07d72bad356a2fc/design_1_proc_sys_reset_0_0_stub.v to C:/Xilinx/p/fm3/fm3.runs/design_1_proc_sys_reset_1_1_synth_1/design_1_proc_sys_reset_1_1_stub.v.
INFO: [IP_Flow 19-6928] IPCACHE: copied cached file c:/Xilinx/p/fm3/fm3.cache/ip/2024.2/a/0/a07d72bad356a2fc/design_1_proc_sys_reset_0_0_stub.vhdl to C:/Xilinx/p/fm3/fm3.runs/design_1_proc_sys_reset_1_1_synth_1/design_1_proc_sys_reset_1_1_stub.vhdl.
INFO: [IP_Flow 19-4838] Using cached IP synthesis design for IP design_1_proc_sys_reset_1_1, cache-ID = a07d72bad356a2fc.
INFO: [Common 17-206] Exiting Vivado at Wed Sep  3 20:47:12 2025...
